  Building NVCC ptx file src/cuda_compile_ptx_1_generated_devicePrograms.cu.ptx
  devicePrograms.cu
D:\git\CG project\src\devicePrograms.cu(35): warning : extern declaration of the entity optixLaunchParams is treated as a static definition
  
  devicePrograms.cu
  Building Custom Rule D:/git/CG project/src/CMakeLists.txt
  CMake is re-running because D:/git/CG project/build/src/CMakeFiles/generate.stamp is out-of-date.
    the file 'D:/git/CG project/build/src/CMakeFiles/cuda_compile_ptx_1.dir/cuda_compile_ptx_1_generated_devicePrograms.cu.ptx.depend'
    is newer than 'D:/git/CG project/build/src/CMakeFiles/generate.stamp.depend'
    result='-1'
  -- Selecting Windows SDK version 10.0.18362.0 to target Windows 10.0.19042.
  -- Could NOT find Doxygen (missing: DOXYGEN_EXECUTABLE) 
  -- Using Win32 for window creation
  -- Configuring done
  -- Generating done
  -- Build files have been written to: D:/git/CG project/build
  compiling (and embedding ptx from) devicePrograms.cu
  cuda_compile_ptx_1_generated_devicePrograms.cu.ptx_embedded.c
  SampleRenderer.cpp
C:\ProgramData\NVIDIA Corporation\OptiX SDK 7.3.0\include\optix_stubs.h(83,5): warning C4996: 'strcat': This function or variable may be unsafe. Consider using strcat_s instead. To disable deprecation, use _CRT_SECURE_NO_WARNINGS. See online help for details.
C:\ProgramData\NVIDIA Corporation\OptiX SDK 7.3.0\include\optix_stubs.h(84,5): warning C4996: 'strcat': This function or variable may be unsafe. Consider using strcat_s instead. To disable deprecation, use _CRT_SECURE_NO_WARNINGS. See online help for details.
C:\ProgramData\NVIDIA Corporation\OptiX SDK 7.3.0\include\optix_stubs.h(157,9): warning C4996: 'strcpy': This function or variable may be unsafe. Consider using strcpy_s instead. To disable deprecation, use _CRT_SECURE_NO_WARNINGS. See online help for details.
C:\ProgramData\NVIDIA Corporation\OptiX SDK 7.3.0\include\optix_stubs.h(158,9): warning C4996: 'strcat': This function or variable may be unsafe. Consider using strcat_s instead. To disable deprecation, use _CRT_SECURE_NO_WARNINGS. See online help for details.
D:\git\CG project\src\SampleRenderer.cpp(653,40): warning C4554: “|”: 检查运算符优先级是否存在的可能的错误；使用括号阐明优先级
  Model.cpp
D:\git\CG project\common\3rdParty/stb_image.h(7192,9): warning C4068: 未知的 pragma
  main.cpp
C:\ProgramData\NVIDIA Corporation\OptiX SDK 7.3.0\include\optix_stubs.h(83,5): warning C4996: 'strcat': This function or variable may be unsafe. Consider using strcat_s instead. To disable deprecation, use _CRT_SECURE_NO_WARNINGS. See online help for details.
C:\ProgramData\NVIDIA Corporation\OptiX SDK 7.3.0\include\optix_stubs.h(84,5): warning C4996: 'strcat': This function or variable may be unsafe. Consider using strcat_s instead. To disable deprecation, use _CRT_SECURE_NO_WARNINGS. See online help for details.
C:\ProgramData\NVIDIA Corporation\OptiX SDK 7.3.0\include\optix_stubs.h(157,9): warning C4996: 'strcpy': This function or variable may be unsafe. Consider using strcpy_s instead. To disable deprecation, use _CRT_SECURE_NO_WARNINGS. See online help for details.
C:\ProgramData\NVIDIA Corporation\OptiX SDK 7.3.0\include\optix_stubs.h(158,9): warning C4996: 'strcat': This function or variable may be unsafe. Consider using strcat_s instead. To disable deprecation, use _CRT_SECURE_NO_WARNINGS. See online help for details.
  正在生成代码...
    正在创建库 D:/git/CG project/build/Debug/softShadows.lib 和对象 D:/git/CG project/build/Debug/softShadows.exp
  softShadows.vcxproj -> D:\git\CG project\build\Debug\softShadows.exe
